mode: set
github.com/octodb/octodb/internal/store/block2.go:57.39,65.2 1 1
github.com/octodb/octodb/internal/store/block2.go:92.38,93.11 1 1
github.com/octodb/octodb/internal/store/block2.go:94.19,95.18 1 1
github.com/octodb/octodb/internal/store/block2.go:96.19,97.18 1 1
github.com/octodb/octodb/internal/store/block2.go:98.17,99.16 1 1
github.com/octodb/octodb/internal/store/block2.go:100.22,101.21 1 1
github.com/octodb/octodb/internal/store/block2.go:102.10,103.43 1 0
github.com/octodb/octodb/internal/store/block2.go:133.41,135.2 1 1
github.com/octodb/octodb/internal/store/block2.go:138.45,140.2 1 1
github.com/octodb/octodb/internal/store/block2.go:143.41,145.2 1 1
github.com/octodb/octodb/internal/store/block2.go:148.45,150.2 1 1
github.com/octodb/octodb/internal/store/block2.go:153.33,155.16 2 1
github.com/octodb/octodb/internal/store/block2.go:155.16,157.3 1 0
github.com/octodb/octodb/internal/store/block2.go:158.2,159.17 2 1
github.com/octodb/octodb/internal/store/block2.go:182.67,185.31 3 1
github.com/octodb/octodb/internal/store/block2.go:185.31,187.3 1 1
github.com/octodb/octodb/internal/store/block2.go:188.2,188.26 1 1
github.com/octodb/octodb/internal/store/block2.go:188.26,190.3 1 1
github.com/octodb/octodb/internal/store/block2.go:191.2,191.18 1 1
github.com/octodb/octodb/internal/store/block2.go:191.18,193.18 2 1
github.com/octodb/octodb/internal/store/block2.go:193.18,195.4 1 0
github.com/octodb/octodb/internal/store/block2.go:196.3,197.17 2 1
github.com/octodb/octodb/internal/store/block2.go:197.17,202.4 4 0
github.com/octodb/octodb/internal/store/block2.go:203.3,204.12 2 1
github.com/octodb/octodb/internal/store/block2.go:206.2,206.18 1 1
github.com/octodb/octodb/internal/store/block2.go:206.18,208.3 1 0
github.com/octodb/octodb/internal/store/block2.go:209.2,209.22 1 1
github.com/octodb/octodb/internal/store/block2.go:209.22,212.3 2 1
github.com/octodb/octodb/internal/store/block2.go:213.2,214.12 2 1
github.com/octodb/octodb/internal/store/block2.go:217.82,218.20 1 1
github.com/octodb/octodb/internal/store/block2.go:218.20,220.3 1 0
github.com/octodb/octodb/internal/store/block2.go:223.2,223.47 1 1
github.com/octodb/octodb/internal/store/block2.go:223.47,225.51 2 1
github.com/octodb/octodb/internal/store/block2.go:225.51,227.4 1 1
github.com/octodb/octodb/internal/store/block2.go:228.3,228.16 1 1
github.com/octodb/octodb/internal/store/block2.go:232.2,240.41 2 1
github.com/octodb/octodb/internal/store/block2.go:240.41,248.3 7 0
github.com/octodb/octodb/internal/store/block2.go:251.2,251.50 1 1
github.com/octodb/octodb/internal/store/block2.go:251.50,254.3 2 0
github.com/octodb/octodb/internal/store/block2.go:256.2,256.73 1 1
github.com/octodb/octodb/internal/store/block2.go:256.73,258.19 1 1
github.com/octodb/octodb/internal/store/block2.go:258.19,260.4 1 1
github.com/octodb/octodb/internal/store/block2.go:261.3,262.58 2 1
github.com/octodb/octodb/internal/store/block2.go:262.58,264.4 1 0
github.com/octodb/octodb/internal/store/block2.go:265.3,265.23 1 1
github.com/octodb/octodb/internal/store/block2.go:268.2,268.15 1 1
github.com/octodb/octodb/internal/store/block2.go:272.68,274.2 1 1
github.com/octodb/octodb/internal/store/block2.go:276.58,277.53 1 1
github.com/octodb/octodb/internal/store/block2.go:277.53,279.3 1 0
github.com/octodb/octodb/internal/store/block2.go:281.2,282.17 2 1
github.com/octodb/octodb/internal/store/block2.go:282.17,284.3 1 1
github.com/octodb/octodb/internal/store/block2.go:286.2,288.16 3 1
github.com/octodb/octodb/internal/store/block2.go:288.16,290.3 1 0
github.com/octodb/octodb/internal/store/block2.go:292.2,293.16 2 1
github.com/octodb/octodb/internal/store/block2.go:293.16,296.3 2 0
github.com/octodb/octodb/internal/store/block2.go:298.2,303.22 6 1
github.com/octodb/octodb/internal/store/block2.go:303.22,305.3 1 1
github.com/octodb/octodb/internal/store/block2.go:306.2,306.28 1 1
github.com/octodb/octodb/internal/store/block2.go:306.28,308.3 1 1
github.com/octodb/octodb/internal/store/block2.go:310.2,310.50 1 1
github.com/octodb/octodb/internal/store/block2.go:310.50,312.3 1 0
github.com/octodb/octodb/internal/store/block2.go:313.2,313.48 1 1
github.com/octodb/octodb/internal/store/block2.go:313.48,315.3 1 0
github.com/octodb/octodb/internal/store/block2.go:316.2,316.12 1 1
github.com/octodb/octodb/internal/store/block2.go:321.49,325.46 3 1
github.com/octodb/octodb/internal/store/block2.go:325.46,327.3 1 1
github.com/octodb/octodb/internal/store/block2.go:329.2,329.57 1 1
github.com/octodb/octodb/internal/store/block2.go:329.57,331.3 1 1
github.com/octodb/octodb/internal/store/block2.go:333.2,334.54 2 1
github.com/octodb/octodb/internal/store/block2.go:334.54,336.3 1 0
github.com/octodb/octodb/internal/store/block2.go:338.2,338.63 1 1
github.com/octodb/octodb/internal/store/block2.go:338.63,341.49 3 1
github.com/octodb/octodb/internal/store/block2.go:341.49,342.12 1 1
github.com/octodb/octodb/internal/store/block2.go:344.3,344.45 1 1
github.com/octodb/octodb/internal/store/block2.go:344.45,346.4 1 0
github.com/octodb/octodb/internal/store/block2.go:348.2,348.12 1 1
github.com/octodb/octodb/internal/store/block2.go:356.52,359.31 3 1
github.com/octodb/octodb/internal/store/block2.go:359.31,361.3 1 0
github.com/octodb/octodb/internal/store/block2.go:362.2,362.22 1 1
github.com/octodb/octodb/internal/store/block2.go:362.22,365.3 1 1
github.com/octodb/octodb/internal/store/block2.go:366.2,366.21 1 1
github.com/octodb/octodb/internal/store/block2.go:370.57,372.31 2 1
github.com/octodb/octodb/internal/store/block2.go:372.31,375.3 2 1
github.com/octodb/octodb/internal/store/block2.go:376.2,376.28 1 1
github.com/octodb/octodb/internal/store/block2.go:376.28,379.3 2 0
github.com/octodb/octodb/internal/store/block2.go:380.2,382.44 2 1
github.com/octodb/octodb/internal/store/block2.go:382.44,383.48 1 1
github.com/octodb/octodb/internal/store/block2.go:383.48,385.4 1 0
github.com/octodb/octodb/internal/store/block2.go:388.2,390.18 3 1
github.com/octodb/octodb/internal/store/block2.go:390.18,393.3 2 1
github.com/octodb/octodb/internal/store/block2.go:394.2,395.12 2 1
github.com/octodb/octodb/internal/store/block2.go:399.42,404.6 4 1
github.com/octodb/octodb/internal/store/block2.go:404.6,405.10 1 1
github.com/octodb/octodb/internal/store/block2.go:406.22,407.10 1 1
github.com/octodb/octodb/internal/store/block2.go:408.19,412.44 3 0
github.com/octodb/octodb/internal/store/block2.go:412.44,421.18 8 0
github.com/octodb/octodb/internal/store/block2.go:422.22,425.35 3 0
github.com/octodb/octodb/internal/store/block2.go:425.35,427.7 1 0
github.com/octodb/octodb/internal/store/block2.go:428.6,428.34 1 0
github.com/octodb/octodb/internal/store/block2.go:428.34,430.7 1 0
github.com/octodb/octodb/internal/store/block2.go:432.22,434.35 2 0
github.com/octodb/octodb/internal/store/block2.go:434.35,436.7 1 0
github.com/octodb/octodb/internal/store/block2.go:437.6,437.34 1 0
github.com/octodb/octodb/internal/store/block2.go:437.34,439.7 1 0
github.com/octodb/octodb/internal/store/block2.go:441.25,442.31 1 0
github.com/octodb/octodb/internal/store/block2.go:442.31,447.65 5 0
github.com/octodb/octodb/internal/store/block2.go:447.65,453.8 5 0
github.com/octodb/octodb/internal/store/block2.go:456.5,456.16 1 0
github.com/octodb/octodb/internal/store/block2.go:460.4,460.74 1 0
github.com/octodb/octodb/internal/store/block2.go:460.74,462.5 1 0
github.com/octodb/octodb/internal/store/block2.go:467.47,468.11 1 1
github.com/octodb/octodb/internal/store/block2.go:468.11,470.3 1 1
github.com/octodb/octodb/internal/store/block2.go:471.2,471.10 1 1
github.com/octodb/octodb/internal/store/block2.go:475.43,481.42 3 1
github.com/octodb/octodb/internal/store/block2.go:481.42,484.29 3 1
github.com/octodb/octodb/internal/store/block2.go:484.29,486.33 2 1
github.com/octodb/octodb/internal/store/block2.go:486.33,488.5 1 1
github.com/octodb/octodb/internal/store/block2.go:489.4,489.58 1 1
github.com/octodb/octodb/internal/store/block2.go:491.3,492.14 2 1
github.com/octodb/octodb/internal/store/block2.go:494.2,494.27 1 1
github.com/octodb/octodb/internal/store/block2.go:494.27,496.3 1 0
github.com/octodb/octodb/internal/store/block2.go:498.2,498.38 1 1
github.com/octodb/octodb/internal/store/block2.go:498.38,499.41 1 1
github.com/octodb/octodb/internal/store/block2.go:499.41,500.51 1 1
github.com/octodb/octodb/internal/store/block2.go:500.51,502.5 1 0
github.com/octodb/octodb/internal/store/block2.go:505.2,505.29 1 1
github.com/octodb/octodb/internal/store/block2.go:505.29,508.3 2 1
github.com/octodb/octodb/internal/store/block2.go:511.67,512.41 1 1
github.com/octodb/octodb/internal/store/block2.go:512.41,515.17 3 1
github.com/octodb/octodb/internal/store/block2.go:515.17,516.12 1 0
github.com/octodb/octodb/internal/store/block2.go:518.3,518.37 1 1
github.com/octodb/octodb/internal/store/block2.go:520.2,520.12 1 1
github.com/octodb/octodb/internal/store/block2.go:523.65,525.16 2 1
github.com/octodb/octodb/internal/store/block2.go:525.16,527.3 1 0
github.com/octodb/octodb/internal/store/block2.go:529.2,530.24 2 1
github.com/octodb/octodb/internal/store/block2.go:530.24,532.3 1 0
github.com/octodb/octodb/internal/store/block2.go:534.2,534.30 1 1
github.com/octodb/octodb/internal/store/block2.go:534.30,538.42 3 1
github.com/octodb/octodb/internal/store/block2.go:538.42,540.4 1 1
github.com/octodb/octodb/internal/store/block2.go:540.9,540.63 1 1
github.com/octodb/octodb/internal/store/block2.go:540.63,541.12 1 0
github.com/octodb/octodb/internal/store/block2.go:544.3,544.66 1 1
github.com/octodb/octodb/internal/store/block2.go:544.66,550.87 2 1
github.com/octodb/octodb/internal/store/block2.go:550.87,553.62 2 0
github.com/octodb/octodb/internal/store/block2.go:553.62,555.6 1 0
github.com/octodb/octodb/internal/store/block2.go:555.11,555.72 1 0
github.com/octodb/octodb/internal/store/block2.go:555.72,557.6 1 0
github.com/octodb/octodb/internal/store/block2.go:558.5,559.11 2 0
github.com/octodb/octodb/internal/store/block2.go:562.4,563.21 2 1
github.com/octodb/octodb/internal/store/block2.go:563.21,566.5 2 1
github.com/octodb/octodb/internal/store/block2.go:567.4,568.21 2 0
github.com/octodb/octodb/internal/store/block2.go:568.21,571.5 2 0
github.com/octodb/octodb/internal/store/block2.go:572.4,573.21 2 0
github.com/octodb/octodb/internal/store/block2.go:573.21,576.5 2 0
github.com/octodb/octodb/internal/store/block2.go:577.18,579.4 1 0
github.com/octodb/octodb/internal/store/block2.go:581.2,581.12 1 1
github.com/octodb/octodb/internal/store/block2.go:585.52,589.2 1 1
github.com/octodb/octodb/internal/store/block2.go:593.53,594.26 1 1
github.com/octodb/octodb/internal/store/block2.go:594.26,596.3 1 1
github.com/octodb/octodb/internal/store/block2.go:598.2,599.16 2 0
github.com/octodb/octodb/internal/store/block2.go:599.16,601.3 1 0
github.com/octodb/octodb/internal/store/block2.go:602.2,605.16 3 0
github.com/octodb/octodb/internal/store/block2.go:605.16,607.3 1 0
github.com/octodb/octodb/internal/store/block2.go:608.2,611.16 3 0
github.com/octodb/octodb/internal/store/block2.go:611.16,613.3 1 0
github.com/octodb/octodb/internal/store/block2.go:614.2,616.56 2 0
github.com/octodb/octodb/internal/store/block2.go:616.56,618.3 1 0
github.com/octodb/octodb/internal/store/block2.go:619.2,619.54 1 0
github.com/octodb/octodb/internal/store/block2.go:619.54,621.3 1 0
github.com/octodb/octodb/internal/store/block2.go:622.2,622.57 1 0
github.com/octodb/octodb/internal/store/block2.go:622.57,624.3 1 0
github.com/octodb/octodb/internal/store/block2.go:626.2,626.59 1 0
github.com/octodb/octodb/internal/store/block2.go:626.59,629.3 2 0
github.com/octodb/octodb/internal/store/block2.go:629.17,632.3 2 0
github.com/octodb/octodb/internal/store/block2.go:633.2,633.57 1 0
github.com/octodb/octodb/internal/store/block2.go:633.57,636.3 2 0
github.com/octodb/octodb/internal/store/block2.go:636.17,639.3 2 0
github.com/octodb/octodb/internal/store/block2.go:640.2,640.60 1 0
github.com/octodb/octodb/internal/store/block2.go:640.60,643.3 2 0
github.com/octodb/octodb/internal/store/block2.go:643.17,646.3 2 0
github.com/octodb/octodb/internal/store/block2.go:648.2,648.40 1 0
github.com/octodb/octodb/internal/store/block2.go:648.40,650.3 1 0
github.com/octodb/octodb/internal/store/block2.go:651.2,651.38 1 0
github.com/octodb/octodb/internal/store/block2.go:651.38,653.3 1 0
github.com/octodb/octodb/internal/store/block2.go:654.2,654.41 1 0
github.com/octodb/octodb/internal/store/block2.go:654.41,656.3 1 0
github.com/octodb/octodb/internal/store/block2.go:657.2,657.12 1 0
github.com/octodb/octodb/internal/store/block2.go:661.79,662.19 1 1
github.com/octodb/octodb/internal/store/block2.go:662.19,664.3 1 0
github.com/octodb/octodb/internal/store/block2.go:665.2,665.37 1 1
github.com/octodb/octodb/internal/store/block2.go:665.37,667.3 1 1
github.com/octodb/octodb/internal/store/block2.go:668.2,668.30 1 1
github.com/octodb/octodb/internal/store/block2.go:668.30,670.3 1 1
github.com/octodb/octodb/internal/store/block2.go:671.2,671.26 1 1
github.com/octodb/octodb/internal/store/block2.go:671.26,673.3 1 1
github.com/octodb/octodb/internal/store/block2.go:674.2,674.26 1 1
github.com/octodb/octodb/internal/store/block2.go:674.26,676.3 1 1
github.com/octodb/octodb/internal/store/block2.go:677.2,677.31 1 1
github.com/octodb/octodb/internal/store/block2.go:677.31,679.3 1 1
github.com/octodb/octodb/internal/store/block2.go:680.2,680.51 1 1
github.com/octodb/octodb/internal/store/block2.go:680.51,682.3 1 1
github.com/octodb/octodb/internal/store/block2.go:684.2,690.46 2 1
github.com/octodb/octodb/internal/store/block2.go:690.46,692.3 1 0
github.com/octodb/octodb/internal/store/block2.go:697.2,698.16 2 1
github.com/octodb/octodb/internal/store/block2.go:698.16,700.3 1 0
github.com/octodb/octodb/internal/store/block2.go:701.2,703.16 3 1
github.com/octodb/octodb/internal/store/block2.go:703.16,705.3 1 0
github.com/octodb/octodb/internal/store/block2.go:706.2,708.16 3 1
github.com/octodb/octodb/internal/store/block2.go:708.16,710.3 1 0
github.com/octodb/octodb/internal/store/block2.go:711.2,725.15 9 1
github.com/octodb/octodb/internal/store/block2.go:728.102,730.47 2 1
github.com/octodb/octodb/internal/store/block2.go:730.47,732.3 1 0
github.com/octodb/octodb/internal/store/block2.go:735.2,736.17 2 1
github.com/octodb/octodb/internal/store/block2.go:736.17,738.3 1 1
github.com/octodb/octodb/internal/store/block2.go:740.2,742.16 3 1
github.com/octodb/octodb/internal/store/block2.go:742.16,744.3 1 0
github.com/octodb/octodb/internal/store/block2.go:745.2,746.16 2 1
github.com/octodb/octodb/internal/store/block2.go:746.16,749.3 2 0
github.com/octodb/octodb/internal/store/block2.go:750.2,760.8 1 1
github.com/octodb/octodb/internal/store/block2.go:765.38,767.16 2 1
github.com/octodb/octodb/internal/store/block2.go:767.16,769.3 1 0
github.com/octodb/octodb/internal/store/block2.go:770.2,771.28 2 1
github.com/octodb/octodb/internal/store/block2.go:771.28,773.80 2 1
github.com/octodb/octodb/internal/store/block2.go:773.80,774.12 1 1
github.com/octodb/octodb/internal/store/block2.go:777.3,779.17 3 1
github.com/octodb/octodb/internal/store/block2.go:779.17,780.12 1 0
github.com/octodb/octodb/internal/store/block2.go:782.3,782.19 1 1
github.com/octodb/octodb/internal/store/block2.go:782.19,784.4 1 1
github.com/octodb/octodb/internal/store/block2.go:786.2,786.15 1 1
github.com/octodb/octodb/internal/store/block2.go:789.61,790.41 1 0
github.com/octodb/octodb/internal/store/block2.go:790.41,793.17 3 0
github.com/octodb/octodb/internal/store/block2.go:793.17,794.12 1 0
github.com/octodb/octodb/internal/store/block2.go:796.3,796.37 1 0
github.com/octodb/octodb/internal/store/block2.go:798.2,798.12 1 0
github.com/octodb/octodb/internal/store/block2.go:801.80,804.16 2 0
github.com/octodb/octodb/internal/store/block2.go:804.16,806.3 1 0
github.com/octodb/octodb/internal/store/block2.go:809.2,810.24 2 0
github.com/octodb/octodb/internal/store/block2.go:810.24,812.3 1 0
github.com/octodb/octodb/internal/store/block2.go:814.2,814.30 1 0
github.com/octodb/octodb/internal/store/block2.go:814.30,818.42 3 0
github.com/octodb/octodb/internal/store/block2.go:818.42,820.4 1 0
github.com/octodb/octodb/internal/store/block2.go:820.9,820.63 1 0
github.com/octodb/octodb/internal/store/block2.go:820.63,822.12 1 0
github.com/octodb/octodb/internal/store/block2.go:825.3,825.65 1 0
github.com/octodb/octodb/internal/store/block2.go:825.65,827.4 1 0
github.com/octodb/octodb/internal/store/block2.go:829.2,829.12 1 0
github.com/octodb/octodb/internal/store/block2.go:838.45,840.16 2 1
github.com/octodb/octodb/internal/store/block2.go:840.16,842.3 1 0
github.com/octodb/octodb/internal/store/block2.go:843.2,844.28 2 1
github.com/octodb/octodb/internal/store/block2.go:844.28,846.80 2 1
github.com/octodb/octodb/internal/store/block2.go:846.80,847.12 1 1
github.com/octodb/octodb/internal/store/block2.go:849.3,850.14 2 1
github.com/octodb/octodb/internal/store/block2.go:850.14,852.4 1 1
github.com/octodb/octodb/internal/store/block2.go:854.2,854.40 1 1
github.com/octodb/octodb/internal/store/block2.go:854.40,854.78 1 1
github.com/octodb/octodb/internal/store/block2.go:855.2,855.14 1 1
github.com/octodb/octodb/internal/store/block2.go:859.40,862.16 3 1
github.com/octodb/octodb/internal/store/block2.go:862.16,864.3 1 1
github.com/octodb/octodb/internal/store/block2.go:865.2,865.12 1 1
github.com/octodb/octodb/internal/store/block2.go:869.74,871.16 2 1
github.com/octodb/octodb/internal/store/block2.go:871.16,872.25 1 0
github.com/octodb/octodb/internal/store/block2.go:872.25,874.4 1 0
github.com/octodb/octodb/internal/store/block2.go:875.3,875.13 1 0
github.com/octodb/octodb/internal/store/block2.go:877.2,879.16 2 1
github.com/octodb/octodb/internal/store/block2.go:879.16,880.46 1 0
github.com/octodb/octodb/internal/store/block2.go:880.46,882.4 1 0
github.com/octodb/octodb/internal/store/block2.go:885.2,886.6 2 1
github.com/octodb/octodb/internal/store/block2.go:886.6,888.17 2 1
github.com/octodb/octodb/internal/store/block2.go:888.17,889.9 1 1
github.com/octodb/octodb/internal/store/block2.go:891.3,891.11 1 1
github.com/octodb/octodb/internal/store/block2.go:893.2,893.12 1 1
github.com/octodb/octodb/internal/store/block2.go:900.95,902.50 2 1
github.com/octodb/octodb/internal/store/block2.go:902.50,904.3 1 0
github.com/octodb/octodb/internal/store/block2.go:905.2,906.24 2 1
github.com/octodb/octodb/internal/store/block2.go:906.24,908.3 1 1
github.com/octodb/octodb/internal/store/block2.go:909.2,909.20 1 1
github.com/octodb/octodb/internal/store/block2.go:909.20,911.3 1 0
github.com/octodb/octodb/internal/store/block2.go:912.2,914.63 3 1
github.com/octodb/octodb/internal/store/block2.go:914.63,918.3 3 1
github.com/octodb/octodb/internal/store/block2.go:919.2,919.18 1 1
github.com/octodb/octodb/internal/store/block2.go:919.18,921.3 1 0
github.com/octodb/octodb/internal/store/block2.go:922.2,923.69 2 1
github.com/octodb/octodb/internal/store/block2.go:926.65,928.50 2 1
github.com/octodb/octodb/internal/store/block2.go:928.50,930.3 1 0
github.com/octodb/octodb/internal/store/block2.go:931.2,931.63 1 1
github.com/octodb/octodb/internal/store/block2.go:931.63,933.3 1 1
github.com/octodb/octodb/internal/store/block2.go:934.2,934.11 1 0
github.com/octodb/octodb/internal/store/block2.go:941.93,943.50 2 1
github.com/octodb/octodb/internal/store/block2.go:943.50,945.3 1 0
github.com/octodb/octodb/internal/store/block2.go:946.2,947.24 2 1
github.com/octodb/octodb/internal/store/block2.go:947.24,949.3 1 1
github.com/octodb/octodb/internal/store/block2.go:950.2,950.20 1 1
github.com/octodb/octodb/internal/store/block2.go:950.20,952.3 1 0
github.com/octodb/octodb/internal/store/block2.go:953.2,956.66 4 1
github.com/octodb/octodb/internal/store/block2.go:956.66,959.20 3 1
github.com/octodb/octodb/internal/store/block2.go:959.20,961.4 1 0
github.com/octodb/octodb/internal/store/block2.go:962.3,963.61 2 1
github.com/octodb/octodb/internal/store/block2.go:965.2,965.19 1 1
github.com/octodb/octodb/internal/store/block2.go:965.19,967.3 1 1
github.com/octodb/octodb/internal/store/block2.go:968.2,968.17 1 1
github.com/octodb/octodb/internal/store/block2.go:968.17,970.3 1 0
github.com/octodb/octodb/internal/store/block2.go:971.2,972.67 2 1
github.com/octodb/octodb/internal/store/block2.go:975.60,977.50 2 1
github.com/octodb/octodb/internal/store/block2.go:977.50,979.3 1 0
github.com/octodb/octodb/internal/store/block2.go:980.2,980.66 1 1
github.com/octodb/octodb/internal/store/block2.go:980.66,982.3 1 1
github.com/octodb/octodb/internal/store/block2.go:983.2,983.11 1 0
github.com/octodb/octodb/internal/store/block2.go:990.96,992.50 2 1
github.com/octodb/octodb/internal/store/block2.go:992.50,994.3 1 0
github.com/octodb/octodb/internal/store/block2.go:995.2,996.24 2 1
github.com/octodb/octodb/internal/store/block2.go:996.24,998.3 1 1
github.com/octodb/octodb/internal/store/block2.go:999.2,999.20 1 1
github.com/octodb/octodb/internal/store/block2.go:999.20,1001.3 1 0
github.com/octodb/octodb/internal/store/block2.go:1002.2,1004.69 3 1
github.com/octodb/octodb/internal/store/block2.go:1004.69,1008.29 3 1
github.com/octodb/octodb/internal/store/block2.go:1009.32,1010.35 1 1
github.com/octodb/octodb/internal/store/block2.go:1010.35,1012.5 1 1
github.com/octodb/octodb/internal/store/block2.go:1013.30,1014.33 1 1
github.com/octodb/octodb/internal/store/block2.go:1014.33,1016.5 1 1
github.com/octodb/octodb/internal/store/block2.go:1017.36,1018.39 1 0
github.com/octodb/octodb/internal/store/block2.go:1018.39,1020.5 1 0
github.com/octodb/octodb/internal/store/block2.go:1021.34,1022.37 1 0
github.com/octodb/octodb/internal/store/block2.go:1022.37,1024.5 1 0
github.com/octodb/octodb/internal/store/block2.go:1027.2,1027.22 1 1
github.com/octodb/octodb/internal/store/block2.go:1027.22,1029.3 1 0
github.com/octodb/octodb/internal/store/block2.go:1030.2,1031.70 2 1
github.com/octodb/octodb/internal/store/block2.go:1035.63,1038.2 2 0
github.com/octodb/octodb/internal/store/block2.go:1043.61,1046.78 3 1
github.com/octodb/octodb/internal/store/block2.go:1046.78,1048.3 1 1
github.com/octodb/octodb/internal/store/block2.go:1049.2,1049.27 1 1
github.com/octodb/octodb/internal/store/block2.go:1053.67,1056.18 3 1
github.com/octodb/octodb/internal/store/block2.go:1056.18,1058.3 1 1
github.com/octodb/octodb/internal/store/block2.go:1059.2,1059.78 1 1
github.com/octodb/octodb/internal/store/block2.go:1059.78,1061.3 1 0
github.com/octodb/octodb/internal/store/block2.go:1062.2,1062.27 1 1
github.com/octodb/octodb/internal/store/block2.go:1069.111,1071.16 2 1
github.com/octodb/octodb/internal/store/block2.go:1071.16,1073.3 1 0
github.com/octodb/octodb/internal/store/block2.go:1075.2,1076.27 2 1
github.com/octodb/octodb/internal/store/block2.go:1076.27,1078.17 2 1
github.com/octodb/octodb/internal/store/block2.go:1078.17,1080.4 1 0
github.com/octodb/octodb/internal/store/block2.go:1081.3,1081.30 1 1
github.com/octodb/octodb/internal/store/block2.go:1084.2,1086.36 3 1
github.com/octodb/octodb/internal/store/block2.go:1086.36,1088.3 1 0
github.com/octodb/octodb/internal/store/block2.go:1089.2,1089.54 1 1
github.com/octodb/octodb/internal/store/block2.go:1089.54,1091.3 1 0
github.com/octodb/octodb/internal/store/block2.go:1092.2,1092.29 1 1
github.com/octodb/octodb/internal/store/block2.go:1092.29,1095.3 2 1
github.com/octodb/octodb/internal/store/block2.go:1096.2,1097.12 2 1
github.com/octodb/octodb/internal/store/block2.go:1104.111,1106.16 2 1
github.com/octodb/octodb/internal/store/block2.go:1106.16,1108.3 1 0
github.com/octodb/octodb/internal/store/block2.go:1109.2,1116.61 6 1
github.com/octodb/octodb/internal/store/block2.go:1116.61,1117.17 1 1
github.com/octodb/octodb/internal/store/block2.go:1117.17,1118.12 1 1
github.com/octodb/octodb/internal/store/block2.go:1120.3,1120.82 1 1
github.com/octodb/octodb/internal/store/block2.go:1120.82,1122.54 2 1
github.com/octodb/octodb/internal/store/block2.go:1122.54,1124.5 1 0
github.com/octodb/octodb/internal/store/block2.go:1125.4,1125.35 1 1
github.com/octodb/octodb/internal/store/block2.go:1125.35,1127.5 1 1
github.com/octodb/octodb/internal/store/block2.go:1128.4,1129.15 2 1
github.com/octodb/octodb/internal/store/block2.go:1133.2,1133.46 1 1
github.com/octodb/octodb/internal/store/block2.go:1133.46,1134.81 1 1
github.com/octodb/octodb/internal/store/block2.go:1134.81,1135.12 1 1
github.com/octodb/octodb/internal/store/block2.go:1137.3,1137.98 1 1
github.com/octodb/octodb/internal/store/block2.go:1137.98,1138.12 1 0
github.com/octodb/octodb/internal/store/block2.go:1140.3,1140.68 1 1
github.com/octodb/octodb/internal/store/block2.go:1140.68,1141.12 1 0
github.com/octodb/octodb/internal/store/block2.go:1143.3,1143.72 1 1
github.com/octodb/octodb/internal/store/block2.go:1143.72,1144.12 1 0
github.com/octodb/octodb/internal/store/block2.go:1146.3,1146.47 1 1
github.com/octodb/octodb/internal/store/block2.go:1146.47,1148.52 2 1
github.com/octodb/octodb/internal/store/block2.go:1148.52,1150.33 2 1
github.com/octodb/octodb/internal/store/block2.go:1150.33,1151.14 1 0
github.com/octodb/octodb/internal/store/block2.go:1156.3,1158.17 3 1
github.com/octodb/octodb/internal/store/block2.go:1158.17,1159.12 1 0
github.com/octodb/octodb/internal/store/block2.go:1162.3,1162.56 1 1
github.com/octodb/octodb/internal/store/block2.go:1162.56,1165.4 2 0
github.com/octodb/octodb/internal/store/block2.go:1167.3,1167.7 1 1
github.com/octodb/octodb/internal/store/block2.go:1167.7,1169.18 2 1
github.com/octodb/octodb/internal/store/block2.go:1169.18,1170.10 1 1
github.com/octodb/octodb/internal/store/block2.go:1172.4,1173.53 2 1
github.com/octodb/octodb/internal/store/block2.go:1173.53,1174.13 1 0
github.com/octodb/octodb/internal/store/block2.go:1176.4,1176.35 1 1
github.com/octodb/octodb/internal/store/block2.go:1176.35,1177.13 1 0
github.com/octodb/octodb/internal/store/block2.go:1179.4,1179.32 1 1
github.com/octodb/octodb/internal/store/block2.go:1181.3,1181.18 1 1
github.com/octodb/octodb/internal/store/block2.go:1184.2,1184.20 1 1
github.com/octodb/octodb/internal/store/block2.go:1187.92,1189.24 2 1
github.com/octodb/octodb/internal/store/block2.go:1189.24,1190.44 1 1
github.com/octodb/octodb/internal/store/block2.go:1190.44,1191.31 1 1
github.com/octodb/octodb/internal/store/block2.go:1191.31,1193.5 1 1
github.com/octodb/octodb/internal/store/block2.go:1200.2,1200.45 1 1
github.com/octodb/octodb/internal/store/block2.go:1200.45,1202.3 1 1
github.com/octodb/octodb/internal/store/block2.go:1203.2,1203.23 1 1
github.com/octodb/octodb/internal/store/block2.go:1203.23,1205.36 2 0
github.com/octodb/octodb/internal/store/block2.go:1205.36,1206.32 1 0
github.com/octodb/octodb/internal/store/block2.go:1206.32,1207.53 1 0
github.com/octodb/octodb/internal/store/block2.go:1207.53,1209.11 2 0
github.com/octodb/octodb/internal/store/block2.go:1212.4,1212.13 1 0
github.com/octodb/octodb/internal/store/block2.go:1212.13,1213.10 1 0
github.com/octodb/octodb/internal/store/block2.go:1216.3,1216.13 1 0
github.com/octodb/octodb/internal/store/block2.go:1216.13,1218.4 1 0
github.com/octodb/octodb/internal/store/block2.go:1221.2,1222.63 2 1
github.com/octodb/octodb/internal/store/block2.go:1222.63,1224.3 1 1
github.com/octodb/octodb/internal/store/block2.go:1225.2,1225.58 1 1
github.com/octodb/octodb/internal/store/block2.go:1225.58,1227.3 1 1
github.com/octodb/octodb/internal/store/block2.go:1228.2,1228.55 1 1
github.com/octodb/octodb/internal/store/block2.go:1228.55,1230.3 1 1
github.com/octodb/octodb/internal/store/block2.go:1231.2,1231.13 1 1
github.com/octodb/octodb/internal/store/block2.go:1238.118,1240.16 2 1
github.com/octodb/octodb/internal/store/block2.go:1240.16,1242.3 1 0
github.com/octodb/octodb/internal/store/block2.go:1243.2,1250.27 6 1
github.com/octodb/octodb/internal/store/block2.go:1250.27,1255.17 4 1
github.com/octodb/octodb/internal/store/block2.go:1255.17,1256.12 1 0
github.com/octodb/octodb/internal/store/block2.go:1258.3,1259.31 2 1
github.com/octodb/octodb/internal/store/block2.go:1259.31,1260.12 1 0
github.com/octodb/octodb/internal/store/block2.go:1263.3,1264.17 2 1
github.com/octodb/octodb/internal/store/block2.go:1264.17,1265.12 1 0
github.com/octodb/octodb/internal/store/block2.go:1268.3,1268.31 1 1
github.com/octodb/octodb/internal/store/block2.go:1268.31,1269.48 1 1
github.com/octodb/octodb/internal/store/block2.go:1269.48,1270.13 1 0
github.com/octodb/octodb/internal/store/block2.go:1272.4,1273.18 2 1
github.com/octodb/octodb/internal/store/block2.go:1273.18,1274.13 1 0
github.com/octodb/octodb/internal/store/block2.go:1276.4,1277.53 2 1
github.com/octodb/octodb/internal/store/block2.go:1277.53,1278.13 1 0
github.com/octodb/octodb/internal/store/block2.go:1280.4,1280.32 1 1
github.com/octodb/octodb/internal/store/block2.go:1282.3,1282.18 1 1
github.com/octodb/octodb/internal/store/block2.go:1284.2,1284.20 1 1
github.com/octodb/octodb/internal/store/block2.go:1291.106,1293.16 2 1
github.com/octodb/octodb/internal/store/block2.go:1293.16,1295.3 1 0
github.com/octodb/octodb/internal/store/block2.go:1297.2,1298.26 2 1
github.com/octodb/octodb/internal/store/block2.go:1298.26,1300.17 2 1
github.com/octodb/octodb/internal/store/block2.go:1300.17,1302.4 1 0
github.com/octodb/octodb/internal/store/block2.go:1303.3,1303.30 1 1
github.com/octodb/octodb/internal/store/block2.go:1306.2,1308.36 3 1
github.com/octodb/octodb/internal/store/block2.go:1308.36,1310.3 1 0
github.com/octodb/octodb/internal/store/block2.go:1311.2,1311.54 1 1
github.com/octodb/octodb/internal/store/block2.go:1311.54,1313.3 1 0
github.com/octodb/octodb/internal/store/block2.go:1314.2,1314.29 1 1
github.com/octodb/octodb/internal/store/block2.go:1314.29,1317.3 2 1
github.com/octodb/octodb/internal/store/block2.go:1318.2,1319.12 2 1
github.com/octodb/octodb/internal/store/block2.go:1326.105,1328.16 2 1
github.com/octodb/octodb/internal/store/block2.go:1328.16,1330.3 1 0
github.com/octodb/octodb/internal/store/block2.go:1331.2,1338.61 6 1
github.com/octodb/octodb/internal/store/block2.go:1338.61,1339.17 1 1
github.com/octodb/octodb/internal/store/block2.go:1339.17,1340.12 1 1
github.com/octodb/octodb/internal/store/block2.go:1342.3,1342.80 1 1
github.com/octodb/octodb/internal/store/block2.go:1342.80,1344.54 2 1
github.com/octodb/octodb/internal/store/block2.go:1344.54,1346.5 1 0
github.com/octodb/octodb/internal/store/block2.go:1347.4,1347.33 1 1
github.com/octodb/octodb/internal/store/block2.go:1347.33,1349.5 1 1
github.com/octodb/octodb/internal/store/block2.go:1350.4,1351.15 2 1
github.com/octodb/octodb/internal/store/block2.go:1355.2,1355.46 1 1
github.com/octodb/octodb/internal/store/block2.go:1355.46,1356.81 1 1
github.com/octodb/octodb/internal/store/block2.go:1356.81,1357.12 1 1
github.com/octodb/octodb/internal/store/block2.go:1359.3,1359.98 1 1
github.com/octodb/octodb/internal/store/block2.go:1359.98,1360.12 1 0
github.com/octodb/octodb/internal/store/block2.go:1362.3,1362.68 1 1
github.com/octodb/octodb/internal/store/block2.go:1362.68,1363.12 1 0
github.com/octodb/octodb/internal/store/block2.go:1365.3,1365.72 1 1
github.com/octodb/octodb/internal/store/block2.go:1365.72,1366.12 1 0
github.com/octodb/octodb/internal/store/block2.go:1368.3,1368.47 1 1
github.com/octodb/octodb/internal/store/block2.go:1368.47,1370.52 2 1
github.com/octodb/octodb/internal/store/block2.go:1370.52,1372.33 2 1
github.com/octodb/octodb/internal/store/block2.go:1372.33,1373.14 1 0
github.com/octodb/octodb/internal/store/block2.go:1378.3,1380.17 3 1
github.com/octodb/octodb/internal/store/block2.go:1380.17,1381.12 1 0
github.com/octodb/octodb/internal/store/block2.go:1384.3,1384.56 1 1
github.com/octodb/octodb/internal/store/block2.go:1384.56,1387.4 2 0
github.com/octodb/octodb/internal/store/block2.go:1389.3,1389.7 1 1
github.com/octodb/octodb/internal/store/block2.go:1389.7,1391.18 2 1
github.com/octodb/octodb/internal/store/block2.go:1391.18,1392.10 1 1
github.com/octodb/octodb/internal/store/block2.go:1394.4,1395.53 2 1
github.com/octodb/octodb/internal/store/block2.go:1395.53,1396.13 1 0
github.com/octodb/octodb/internal/store/block2.go:1398.4,1398.33 1 1
github.com/octodb/octodb/internal/store/block2.go:1398.33,1399.13 1 0
github.com/octodb/octodb/internal/store/block2.go:1401.4,1401.32 1 1
github.com/octodb/octodb/internal/store/block2.go:1403.3,1403.18 1 1
github.com/octodb/octodb/internal/store/block2.go:1406.2,1406.20 1 1
github.com/octodb/octodb/internal/store/block2.go:1409.86,1411.24 2 1
github.com/octodb/octodb/internal/store/block2.go:1411.24,1412.44 1 1
github.com/octodb/octodb/internal/store/block2.go:1412.44,1413.31 1 1
github.com/octodb/octodb/internal/store/block2.go:1413.31,1415.10 2 1
github.com/octodb/octodb/internal/store/block2.go:1419.2,1419.45 1 1
github.com/octodb/octodb/internal/store/block2.go:1419.45,1421.3 1 1
github.com/octodb/octodb/internal/store/block2.go:1423.2,1425.66 3 1
github.com/octodb/octodb/internal/store/block2.go:1425.66,1428.20 3 1
github.com/octodb/octodb/internal/store/block2.go:1428.20,1430.4 1 0
github.com/octodb/octodb/internal/store/block2.go:1431.3,1431.38 1 1
github.com/octodb/octodb/internal/store/block2.go:1433.2,1433.58 1 1
github.com/octodb/octodb/internal/store/block2.go:1433.58,1435.3 1 1
github.com/octodb/octodb/internal/store/block2.go:1436.2,1436.55 1 1
github.com/octodb/octodb/internal/store/block2.go:1436.55,1438.3 1 0
github.com/octodb/octodb/internal/store/block2.go:1439.2,1439.50 1 1
github.com/octodb/octodb/internal/store/block2.go:1439.50,1441.3 1 1
github.com/octodb/octodb/internal/store/block2.go:1442.2,1442.23 1 1
github.com/octodb/octodb/internal/store/block2.go:1442.23,1444.35 2 1
github.com/octodb/octodb/internal/store/block2.go:1444.35,1445.37 1 1
github.com/octodb/octodb/internal/store/block2.go:1445.37,1446.53 1 1
github.com/octodb/octodb/internal/store/block2.go:1446.53,1448.11 2 1
github.com/octodb/octodb/internal/store/block2.go:1451.4,1451.13 1 1
github.com/octodb/octodb/internal/store/block2.go:1451.13,1452.10 1 1
github.com/octodb/octodb/internal/store/block2.go:1455.3,1455.13 1 1
github.com/octodb/octodb/internal/store/block2.go:1455.13,1457.4 1 1
github.com/octodb/octodb/internal/store/block2.go:1459.2,1459.13 1 1
github.com/octodb/octodb/internal/store/block2.go:1466.118,1468.16 2 1
github.com/octodb/octodb/internal/store/block2.go:1468.16,1470.3 1 0
github.com/octodb/octodb/internal/store/block2.go:1472.2,1473.29 2 1
github.com/octodb/octodb/internal/store/block2.go:1473.29,1475.17 2 1
github.com/octodb/octodb/internal/store/block2.go:1475.17,1477.4 1 0
github.com/octodb/octodb/internal/store/block2.go:1478.3,1478.30 1 1
github.com/octodb/octodb/internal/store/block2.go:1481.2,1483.36 3 1
github.com/octodb/octodb/internal/store/block2.go:1483.36,1485.3 1 0
github.com/octodb/octodb/internal/store/block2.go:1486.2,1486.54 1 1
github.com/octodb/octodb/internal/store/block2.go:1486.54,1488.3 1 0
github.com/octodb/octodb/internal/store/block2.go:1489.2,1489.29 1 1
github.com/octodb/octodb/internal/store/block2.go:1489.29,1492.3 2 1
github.com/octodb/octodb/internal/store/block2.go:1493.2,1494.12 2 1
github.com/octodb/octodb/internal/store/block2.go:1501.117,1503.16 2 1
github.com/octodb/octodb/internal/store/block2.go:1503.16,1505.3 1 0
github.com/octodb/octodb/internal/store/block2.go:1506.2,1513.61 6 1
github.com/octodb/octodb/internal/store/block2.go:1513.61,1514.17 1 1
github.com/octodb/octodb/internal/store/block2.go:1514.17,1515.12 1 1
github.com/octodb/octodb/internal/store/block2.go:1517.3,1517.83 1 1
github.com/octodb/octodb/internal/store/block2.go:1517.83,1519.54 2 1
github.com/octodb/octodb/internal/store/block2.go:1519.54,1521.5 1 0
github.com/octodb/octodb/internal/store/block2.go:1522.4,1522.36 1 1
github.com/octodb/octodb/internal/store/block2.go:1522.36,1524.5 1 1
github.com/octodb/octodb/internal/store/block2.go:1525.4,1526.15 2 1
github.com/octodb/octodb/internal/store/block2.go:1530.2,1530.46 1 1
github.com/octodb/octodb/internal/store/block2.go:1530.46,1531.81 1 1
github.com/octodb/octodb/internal/store/block2.go:1531.81,1532.12 1 1
github.com/octodb/octodb/internal/store/block2.go:1534.3,1534.98 1 1
github.com/octodb/octodb/internal/store/block2.go:1534.98,1535.12 1 0
github.com/octodb/octodb/internal/store/block2.go:1537.3,1537.68 1 1
github.com/octodb/octodb/internal/store/block2.go:1537.68,1538.12 1 0
github.com/octodb/octodb/internal/store/block2.go:1540.3,1540.72 1 1
github.com/octodb/octodb/internal/store/block2.go:1540.72,1541.12 1 0
github.com/octodb/octodb/internal/store/block2.go:1543.3,1543.47 1 1
github.com/octodb/octodb/internal/store/block2.go:1543.47,1545.52 2 1
github.com/octodb/octodb/internal/store/block2.go:1545.52,1547.33 2 1
github.com/octodb/octodb/internal/store/block2.go:1547.33,1548.14 1 0
github.com/octodb/octodb/internal/store/block2.go:1553.3,1555.17 3 1
github.com/octodb/octodb/internal/store/block2.go:1555.17,1556.12 1 0
github.com/octodb/octodb/internal/store/block2.go:1559.3,1559.56 1 1
github.com/octodb/octodb/internal/store/block2.go:1559.56,1562.4 2 0
github.com/octodb/octodb/internal/store/block2.go:1564.3,1564.7 1 1
github.com/octodb/octodb/internal/store/block2.go:1564.7,1566.18 2 1
github.com/octodb/octodb/internal/store/block2.go:1566.18,1567.10 1 1
github.com/octodb/octodb/internal/store/block2.go:1569.4,1570.53 2 1
github.com/octodb/octodb/internal/store/block2.go:1570.53,1571.13 1 0
github.com/octodb/octodb/internal/store/block2.go:1573.4,1573.36 1 1
github.com/octodb/octodb/internal/store/block2.go:1573.36,1574.13 1 0
github.com/octodb/octodb/internal/store/block2.go:1576.4,1576.32 1 1
github.com/octodb/octodb/internal/store/block2.go:1578.3,1578.18 1 1
github.com/octodb/octodb/internal/store/block2.go:1581.2,1581.20 1 1
github.com/octodb/octodb/internal/store/block2.go:1584.52,1586.20 2 1
github.com/octodb/octodb/internal/store/block2.go:1586.20,1588.3 1 1
github.com/octodb/octodb/internal/store/block2.go:1589.2,1589.37 1 1
github.com/octodb/octodb/internal/store/block2.go:1592.34,1595.22 3 1
github.com/octodb/octodb/internal/store/block2.go:1595.22,1596.13 1 1
github.com/octodb/octodb/internal/store/block2.go:1596.13,1599.4 2 1
github.com/octodb/octodb/internal/store/block2.go:1601.2,1601.20 1 1
github.com/octodb/octodb/internal/store/block2.go:1601.20,1603.3 1 1
github.com/octodb/octodb/internal/store/block2.go:1604.2,1604.12 1 1
github.com/octodb/octodb/internal/store/block2.go:1607.98,1609.24 2 1
github.com/octodb/octodb/internal/store/block2.go:1609.24,1610.44 1 1
github.com/octodb/octodb/internal/store/block2.go:1610.44,1611.31 1 1
github.com/octodb/octodb/internal/store/block2.go:1611.31,1613.10 2 1
github.com/octodb/octodb/internal/store/block2.go:1617.2,1617.45 1 1
github.com/octodb/octodb/internal/store/block2.go:1617.45,1619.3 1 1
github.com/octodb/octodb/internal/store/block2.go:1621.2,1624.69 4 1
github.com/octodb/octodb/internal/store/block2.go:1624.69,1627.29 3 1
github.com/octodb/octodb/internal/store/block2.go:1628.32,1630.35 2 1
github.com/octodb/octodb/internal/store/block2.go:1630.35,1632.5 1 1
github.com/octodb/octodb/internal/store/block2.go:1633.30,1635.33 2 1
github.com/octodb/octodb/internal/store/block2.go:1635.33,1637.5 1 1
github.com/octodb/octodb/internal/store/block2.go:1638.36,1640.39 2 0
github.com/octodb/octodb/internal/store/block2.go:1640.39,1642.5 1 0
github.com/octodb/octodb/internal/store/block2.go:1643.34,1645.37 2 0
github.com/octodb/octodb/internal/store/block2.go:1645.37,1647.5 1 0
github.com/octodb/octodb/internal/store/block2.go:1650.2,1650.58 1 1
github.com/octodb/octodb/internal/store/block2.go:1650.58,1652.3 1 1
github.com/octodb/octodb/internal/store/block2.go:1653.2,1653.53 1 1
github.com/octodb/octodb/internal/store/block2.go:1653.53,1655.3 1 1
github.com/octodb/octodb/internal/store/block2.go:1656.2,1656.58 1 1
github.com/octodb/octodb/internal/store/block2.go:1656.58,1658.3 1 1
github.com/octodb/octodb/internal/store/block2.go:1659.2,1659.55 1 1
github.com/octodb/octodb/internal/store/block2.go:1659.55,1661.3 1 0
github.com/octodb/octodb/internal/store/block2.go:1662.2,1662.13 1 1
github.com/octodb/octodb/internal/store/block2.go:1669.37,1670.24 1 1
github.com/octodb/octodb/internal/store/block2.go:1670.24,1673.43 3 1
github.com/octodb/octodb/internal/store/block2.go:1673.43,1678.18 5 1
github.com/octodb/octodb/internal/store/block2.go:1678.18,1680.5 1 1
github.com/octodb/octodb/internal/store/block2.go:1681.4,1682.20 2 1
github.com/octodb/octodb/internal/store/block2.go:1682.20,1684.5 1 1
github.com/octodb/octodb/internal/store/block2.go:1685.4,1686.15 2 1
github.com/octodb/octodb/internal/store/block2.go:1689.3,1689.27 1 1
github.com/octodb/octodb/internal/store/block2.go:1689.27,1691.4 1 1
github.com/octodb/octodb/internal/store/block2.go:1692.3,1692.25 1 1
github.com/octodb/octodb/internal/store/block2.go:1692.25,1694.4 1 1
github.com/octodb/octodb/internal/store/block2.go:1695.3,1695.28 1 1
github.com/octodb/octodb/internal/store/block2.go:1695.28,1697.4 1 1
github.com/octodb/octodb/internal/store/block2.go:1699.2,1699.12 1 1
github.com/octodb/octodb/internal/store/block2.go:1706.38,1711.6 4 1
github.com/octodb/octodb/internal/store/block2.go:1711.6,1712.10 1 1
github.com/octodb/octodb/internal/store/block2.go:1713.22,1716.44 2 1
github.com/octodb/octodb/internal/store/block2.go:1716.44,1719.5 2 1
github.com/octodb/octodb/internal/store/block2.go:1720.4,1720.30 1 1
github.com/octodb/octodb/internal/store/block2.go:1720.30,1721.92 1 1
github.com/octodb/octodb/internal/store/block2.go:1721.92,1723.6 1 1
github.com/octodb/octodb/internal/store/block2.go:1725.4,1725.10 1 1
github.com/octodb/octodb/internal/store/block2.go:1726.19,1728.44 2 1
github.com/octodb/octodb/internal/store/block2.go:1728.44,1731.5 2 1
github.com/octodb/octodb/internal/store/block2.go:1732.4,1732.30 1 1
github.com/octodb/octodb/internal/store/block2.go:1732.30,1733.92 1 1
github.com/octodb/octodb/internal/store/block2.go:1733.92,1735.6 1 1
github.com/octodb/octodb/internal/store/block2.go:1745.47,1749.19 3 1
github.com/octodb/octodb/internal/store/block2.go:1749.19,1751.3 1 0
github.com/octodb/octodb/internal/store/block2.go:1752.2,1755.6 3 1
github.com/octodb/octodb/internal/store/block2.go:1755.6,1756.10 1 1
github.com/octodb/octodb/internal/store/block2.go:1757.22,1758.10 1 1
github.com/octodb/octodb/internal/store/block2.go:1759.19,1761.44 2 0
github.com/octodb/octodb/internal/store/block2.go:1761.44,1764.5 2 0
github.com/octodb/octodb/internal/store/block2.go:1765.4,1765.30 1 0
github.com/octodb/octodb/internal/store/block2.go:1765.30,1769.5 3 0
github.com/octodb/octodb/internal/store/block2.go:1778.102,1780.16 2 1
github.com/octodb/octodb/internal/store/block2.go:1780.16,1782.3 1 0
github.com/octodb/octodb/internal/store/block2.go:1784.2,1786.36 3 1
github.com/octodb/octodb/internal/store/block2.go:1786.36,1788.3 1 0
github.com/octodb/octodb/internal/store/block2.go:1791.2,1793.61 3 1
github.com/octodb/octodb/internal/store/block2.go:1793.61,1794.17 1 1
github.com/octodb/octodb/internal/store/block2.go:1794.17,1795.12 1 1
github.com/octodb/octodb/internal/store/block2.go:1797.3,1797.82 1 1
github.com/octodb/octodb/internal/store/block2.go:1797.82,1799.54 2 1
github.com/octodb/octodb/internal/store/block2.go:1799.54,1801.5 1 0
github.com/octodb/octodb/internal/store/block2.go:1802.4,1802.35 1 1
github.com/octodb/octodb/internal/store/block2.go:1802.35,1804.5 1 1
github.com/octodb/octodb/internal/store/block2.go:1805.4,1806.15 2 1
github.com/octodb/octodb/internal/store/block2.go:1811.2,1811.35 1 1
github.com/octodb/octodb/internal/store/block2.go:1811.35,1813.55 2 1
github.com/octodb/octodb/internal/store/block2.go:1813.55,1815.4 1 0
github.com/octodb/octodb/internal/store/block2.go:1817.2,1817.42 1 1
github.com/octodb/octodb/internal/store/block2.go:1817.42,1819.3 1 0
github.com/octodb/octodb/internal/store/block2.go:1820.2,1820.35 1 1
github.com/octodb/octodb/internal/store/block2.go:1820.35,1822.3 1 1
github.com/octodb/octodb/internal/store/block2.go:1823.2,1824.12 2 1
github.com/octodb/octodb/internal/store/block2.go:1827.98,1829.16 2 1
github.com/octodb/octodb/internal/store/block2.go:1829.16,1831.3 1 0
github.com/octodb/octodb/internal/store/block2.go:1833.2,1835.36 3 1
github.com/octodb/octodb/internal/store/block2.go:1835.36,1837.3 1 0
github.com/octodb/octodb/internal/store/block2.go:1839.2,1841.61 3 1
github.com/octodb/octodb/internal/store/block2.go:1841.61,1842.17 1 1
github.com/octodb/octodb/internal/store/block2.go:1842.17,1843.12 1 1
github.com/octodb/octodb/internal/store/block2.go:1845.3,1845.80 1 1
github.com/octodb/octodb/internal/store/block2.go:1845.80,1847.54 2 1
github.com/octodb/octodb/internal/store/block2.go:1847.54,1849.5 1 0
github.com/octodb/octodb/internal/store/block2.go:1850.4,1850.33 1 1
github.com/octodb/octodb/internal/store/block2.go:1850.33,1852.5 1 0
github.com/octodb/octodb/internal/store/block2.go:1853.4,1854.15 2 1
github.com/octodb/octodb/internal/store/block2.go:1858.2,1858.35 1 1
github.com/octodb/octodb/internal/store/block2.go:1858.35,1860.55 2 1
github.com/octodb/octodb/internal/store/block2.go:1860.55,1862.4 1 0
github.com/octodb/octodb/internal/store/block2.go:1864.2,1864.42 1 1
github.com/octodb/octodb/internal/store/block2.go:1864.42,1866.3 1 0
github.com/octodb/octodb/internal/store/block2.go:1867.2,1867.35 1 1
github.com/octodb/octodb/internal/store/block2.go:1867.35,1869.3 1 1
github.com/octodb/octodb/internal/store/block2.go:1870.2,1871.12 2 1
github.com/octodb/octodb/internal/store/block2.go:1874.104,1876.16 2 1
github.com/octodb/octodb/internal/store/block2.go:1876.16,1878.3 1 0
github.com/octodb/octodb/internal/store/block2.go:1880.2,1882.36 3 1
github.com/octodb/octodb/internal/store/block2.go:1882.36,1884.3 1 0
github.com/octodb/octodb/internal/store/block2.go:1886.2,1888.61 3 1
github.com/octodb/octodb/internal/store/block2.go:1888.61,1889.17 1 1
github.com/octodb/octodb/internal/store/block2.go:1889.17,1890.12 1 1
github.com/octodb/octodb/internal/store/block2.go:1892.3,1892.83 1 1
github.com/octodb/octodb/internal/store/block2.go:1892.83,1894.54 2 1
github.com/octodb/octodb/internal/store/block2.go:1894.54,1896.5 1 0
github.com/octodb/octodb/internal/store/block2.go:1897.4,1897.36 1 1
github.com/octodb/octodb/internal/store/block2.go:1897.36,1899.5 1 0
github.com/octodb/octodb/internal/store/block2.go:1900.4,1901.15 2 1
github.com/octodb/octodb/internal/store/block2.go:1905.2,1905.35 1 1
github.com/octodb/octodb/internal/store/block2.go:1905.35,1907.55 2 1
github.com/octodb/octodb/internal/store/block2.go:1907.55,1909.4 1 0
github.com/octodb/octodb/internal/store/block2.go:1911.2,1911.42 1 1
github.com/octodb/octodb/internal/store/block2.go:1911.42,1913.3 1 0
github.com/octodb/octodb/internal/store/block2.go:1914.2,1914.35 1 1
github.com/octodb/octodb/internal/store/block2.go:1914.35,1916.3 1 1
github.com/octodb/octodb/internal/store/block2.go:1917.2,1918.12 2 1
github.com/octodb/octodb/internal/store/block2.go:1925.55,1926.14 1 1
github.com/octodb/octodb/internal/store/block2.go:1926.14,1928.3 1 1
github.com/octodb/octodb/internal/store/block2.go:1929.2,1933.20 4 0
github.com/octodb/octodb/internal/store/block2.go:1933.20,1935.3 1 0
github.com/octodb/octodb/internal/store/block2.go:1936.2,1938.41 3 0
github.com/octodb/octodb/internal/store/block2.go:1938.41,1939.50 1 0
github.com/octodb/octodb/internal/store/block2.go:1939.50,1947.4 7 0
github.com/octodb/octodb/internal/store/block2.go:1949.2,1949.26 1 0
github.com/octodb/octodb/internal/store/block2.go:1949.26,1950.58 1 0
github.com/octodb/octodb/internal/store/block2.go:1950.58,1951.36 1 0
github.com/octodb/octodb/internal/store/block2.go:1951.36,1952.28 1 0
github.com/octodb/octodb/internal/store/block2.go:1952.28,1954.6 1 0
github.com/octodb/octodb/internal/store/block2.go:1956.4,1956.15 1 0
github.com/octodb/octodb/internal/store/block2.go:1961.61,1962.14 1 1
github.com/octodb/octodb/internal/store/block2.go:1962.14,1964.3 1 0
github.com/octodb/octodb/internal/store/block2.go:1965.2,1969.20 4 1
github.com/octodb/octodb/internal/store/block2.go:1969.20,1971.3 1 0
github.com/octodb/octodb/internal/store/block2.go:1972.2,1974.41 3 1
github.com/octodb/octodb/internal/store/block2.go:1974.41,1975.50 1 1
github.com/octodb/octodb/internal/store/block2.go:1975.50,1983.4 7 1
github.com/octodb/octodb/internal/store/block2.go:1985.2,1985.26 1 1
github.com/octodb/octodb/internal/store/block2.go:1985.26,1986.58 1 1
github.com/octodb/octodb/internal/store/block2.go:1986.58,1987.36 1 1
github.com/octodb/octodb/internal/store/block2.go:1987.36,1988.28 1 1
github.com/octodb/octodb/internal/store/block2.go:1988.28,1990.6 1 1
github.com/octodb/octodb/internal/store/block2.go:1992.4,1992.15 1 0
github.com/octodb/octodb/internal/store/block2.go:1998.61,1999.14 1 1
github.com/octodb/octodb/internal/store/block2.go:1999.14,2001.3 1 0
github.com/octodb/octodb/internal/store/block2.go:2002.2,2006.28 4 1
github.com/octodb/octodb/internal/store/block2.go:2006.28,2008.3 1 1
github.com/octodb/octodb/internal/store/block2.go:2011.67,2012.14 1 1
github.com/octodb/octodb/internal/store/block2.go:2012.14,2014.3 1 0
github.com/octodb/octodb/internal/store/block2.go:2015.2,2019.28 4 1
github.com/octodb/octodb/internal/store/block2.go:2019.28,2021.3 1 1
github.com/octodb/octodb/internal/store/block2.go:2026.60,2031.22 4 1
github.com/octodb/octodb/internal/store/block2.go:2031.22,2033.3 1 1
github.com/octodb/octodb/internal/store/block2.go:2036.2,2041.16 5 0
github.com/octodb/octodb/internal/store/block2.go:2041.16,2043.3 1 0
github.com/octodb/octodb/internal/store/block2.go:2045.2,2050.30 5 0
github.com/octodb/octodb/internal/store/block2.go:2050.30,2053.17 3 0
github.com/octodb/octodb/internal/store/block2.go:2053.17,2054.12 1 0
github.com/octodb/octodb/internal/store/block2.go:2056.3,2056.7 1 0
github.com/octodb/octodb/internal/store/block2.go:2056.7,2058.18 2 0
github.com/octodb/octodb/internal/store/block2.go:2058.18,2059.10 1 0
github.com/octodb/octodb/internal/store/block2.go:2061.4,2061.22 1 0
github.com/octodb/octodb/internal/store/block2.go:2061.22,2062.13 1 0
github.com/octodb/octodb/internal/store/block2.go:2065.4,2065.23 1 0
github.com/octodb/octodb/internal/store/block2.go:2065.23,2066.57 1 0
github.com/octodb/octodb/internal/store/block2.go:2066.57,2067.14 1 0
github.com/octodb/octodb/internal/store/block2.go:2070.4,2071.48 2 0
github.com/octodb/octodb/internal/store/block2.go:2071.48,2074.5 2 0
github.com/octodb/octodb/internal/store/block2.go:2075.4,2079.28 3 0
github.com/octodb/octodb/internal/store/block2.go:2079.28,2081.5 1 0
github.com/octodb/octodb/internal/store/block2.go:2081.10,2081.33 1 0
github.com/octodb/octodb/internal/store/block2.go:2081.33,2083.5 1 0
github.com/octodb/octodb/internal/store/block2.go:2084.4,2084.42 1 0
github.com/octodb/octodb/internal/store/block2.go:2084.42,2086.5 1 0
github.com/octodb/octodb/internal/store/block2.go:2088.3,2088.35 1 0
github.com/octodb/octodb/internal/store/block2.go:2088.35,2089.44 1 0
github.com/octodb/octodb/internal/store/block2.go:2089.44,2090.15 1 0
github.com/octodb/octodb/internal/store/block2.go:2090.15,2094.6 3 0
github.com/octodb/octodb/internal/store/block2.go:2094.11,2096.30 2 0
github.com/octodb/octodb/internal/store/block2.go:2096.30,2098.7 1 0
github.com/octodb/octodb/internal/store/block2.go:2099.6,2099.30 1 0
github.com/octodb/octodb/internal/store/block2.go:2099.30,2101.7 1 0
github.com/octodb/octodb/internal/store/block2.go:2105.3,2105.18 1 0
github.com/octodb/octodb/internal/store/block2.go:2108.2,2108.43 1 0
github.com/octodb/octodb/internal/store/block2.go:2108.43,2110.3 1 0
github.com/octodb/octodb/internal/store/block2.go:2113.2,2114.60 2 0
github.com/octodb/octodb/internal/store/block2.go:2114.60,2116.3 1 0
github.com/octodb/octodb/internal/store/block2.go:2118.2,2124.30 5 0
github.com/octodb/octodb/internal/store/block2.go:2124.30,2125.81 1 0
github.com/octodb/octodb/internal/store/block2.go:2125.81,2127.4 1 0
github.com/octodb/octodb/internal/store/block2.go:2130.2,2140.24 2 0
github.com/octodb/octodb/internal/store/block2.go:2140.24,2142.3 1 0
github.com/octodb/octodb/internal/store/block2.go:2144.2,2145.81 2 0
github.com/octodb/octodb/internal/store/block2.go:2145.81,2147.3 1 0
github.com/octodb/octodb/internal/store/block2.go:2150.2,2154.30 3 0
github.com/octodb/octodb/internal/store/block2.go:2154.30,2158.3 3 0
github.com/octodb/octodb/internal/store/block2.go:2160.2,2160.12 1 0
github.com/octodb/octodb/internal/store/block2.go:2164.66,2169.22 4 1
github.com/octodb/octodb/internal/store/block2.go:2169.22,2171.3 1 0
github.com/octodb/octodb/internal/store/block2.go:2172.2,2177.16 5 1
github.com/octodb/octodb/internal/store/block2.go:2177.16,2179.3 1 0
github.com/octodb/octodb/internal/store/block2.go:2181.2,2186.30 5 1
github.com/octodb/octodb/internal/store/block2.go:2186.30,2189.17 3 1
github.com/octodb/octodb/internal/store/block2.go:2189.17,2190.12 1 0
github.com/octodb/octodb/internal/store/block2.go:2192.3,2192.7 1 1
github.com/octodb/octodb/internal/store/block2.go:2192.7,2194.18 2 1
github.com/octodb/octodb/internal/store/block2.go:2194.18,2195.10 1 1
github.com/octodb/octodb/internal/store/block2.go:2197.4,2197.22 1 1
github.com/octodb/octodb/internal/store/block2.go:2197.22,2198.13 1 0
github.com/octodb/octodb/internal/store/block2.go:2200.4,2200.23 1 1
github.com/octodb/octodb/internal/store/block2.go:2200.23,2201.57 1 1
github.com/octodb/octodb/internal/store/block2.go:2201.57,2202.14 1 0
github.com/octodb/octodb/internal/store/block2.go:2205.4,2206.48 2 1
github.com/octodb/octodb/internal/store/block2.go:2206.48,2209.5 2 0
github.com/octodb/octodb/internal/store/block2.go:2210.4,2214.42 4 1
github.com/octodb/octodb/internal/store/block2.go:2214.42,2216.5 1 0
github.com/octodb/octodb/internal/store/block2.go:2217.4,2217.42 1 1
github.com/octodb/octodb/internal/store/block2.go:2217.42,2219.5 1 1
github.com/octodb/octodb/internal/store/block2.go:2221.3,2221.35 1 1
github.com/octodb/octodb/internal/store/block2.go:2221.35,2222.44 1 1
github.com/octodb/octodb/internal/store/block2.go:2222.44,2223.15 1 1
github.com/octodb/octodb/internal/store/block2.go:2223.15,2227.6 3 1
github.com/octodb/octodb/internal/store/block2.go:2227.11,2229.30 2 1
github.com/octodb/octodb/internal/store/block2.go:2229.30,2231.7 1 0
github.com/octodb/octodb/internal/store/block2.go:2232.6,2232.30 1 1
github.com/octodb/octodb/internal/store/block2.go:2232.30,2234.7 1 1
github.com/octodb/octodb/internal/store/block2.go:2238.3,2238.18 1 1
github.com/octodb/octodb/internal/store/block2.go:2241.2,2241.43 1 1
github.com/octodb/octodb/internal/store/block2.go:2241.43,2243.3 1 0
github.com/octodb/octodb/internal/store/block2.go:2245.2,2246.60 2 1
github.com/octodb/octodb/internal/store/block2.go:2246.60,2248.3 1 0
github.com/octodb/octodb/internal/store/block2.go:2250.2,2255.30 5 1
github.com/octodb/octodb/internal/store/block2.go:2255.30,2256.81 1 1
github.com/octodb/octodb/internal/store/block2.go:2256.81,2258.4 1 1
github.com/octodb/octodb/internal/store/block2.go:2261.2,2271.24 2 1
github.com/octodb/octodb/internal/store/block2.go:2271.24,2273.3 1 0
github.com/octodb/octodb/internal/store/block2.go:2275.2,2276.81 2 1
github.com/octodb/octodb/internal/store/block2.go:2276.81,2278.3 1 0
github.com/octodb/octodb/internal/store/block2.go:2280.2,2280.22 1 1
github.com/octodb/octodb/internal/store/block2.go:2280.22,2283.3 2 1
github.com/octodb/octodb/internal/store/block2.go:2285.2,2285.30 1 1
github.com/octodb/octodb/internal/store/block2.go:2285.30,2289.3 3 1
github.com/octodb/octodb/internal/store/block2.go:2291.2,2291.12 1 1
github.com/octodb/octodb/internal/store/block2.go:2298.58,2303.21 4 1
github.com/octodb/octodb/internal/store/block2.go:2303.21,2305.3 1 0
github.com/octodb/octodb/internal/store/block2.go:2306.2,2312.16 5 1
github.com/octodb/octodb/internal/store/block2.go:2312.16,2314.3 1 0
github.com/octodb/octodb/internal/store/block2.go:2316.2,2323.60 6 1
github.com/octodb/octodb/internal/store/block2.go:2323.60,2327.38 3 0
github.com/octodb/octodb/internal/store/block2.go:2327.38,2329.4 1 0
github.com/octodb/octodb/internal/store/block2.go:2329.9,2329.43 1 0
github.com/octodb/octodb/internal/store/block2.go:2329.43,2331.4 1 0
github.com/octodb/octodb/internal/store/block2.go:2332.3,2332.41 1 0
github.com/octodb/octodb/internal/store/block2.go:2332.41,2334.4 1 0
github.com/octodb/octodb/internal/store/block2.go:2336.3,2338.13 3 0
github.com/octodb/octodb/internal/store/block2.go:2338.13,2341.4 2 0
github.com/octodb/octodb/internal/store/block2.go:2341.9,2342.28 1 0
github.com/octodb/octodb/internal/store/block2.go:2342.28,2344.5 1 0
github.com/octodb/octodb/internal/store/block2.go:2345.4,2345.28 1 0
github.com/octodb/octodb/internal/store/block2.go:2345.28,2347.5 1 0
github.com/octodb/octodb/internal/store/block2.go:2349.3,2351.14 3 0
github.com/octodb/octodb/internal/store/block2.go:2354.2,2354.47 1 1
github.com/octodb/octodb/internal/store/block2.go:2354.47,2356.3 1 0
github.com/octodb/octodb/internal/store/block2.go:2358.2,2359.49 2 1
github.com/octodb/octodb/internal/store/block2.go:2359.49,2361.3 1 0
github.com/octodb/octodb/internal/store/block2.go:2363.2,2367.43 4 1
github.com/octodb/octodb/internal/store/block2.go:2367.43,2369.3 1 0
github.com/octodb/octodb/internal/store/block2.go:2371.2,2385.48 4 1
github.com/octodb/octodb/internal/store/block2.go:2385.48,2387.3 1 0
github.com/octodb/octodb/internal/store/block2.go:2390.2,2391.62 2 1
github.com/octodb/octodb/internal/store/block2.go:2391.62,2393.3 1 0
github.com/octodb/octodb/internal/store/block2.go:2396.2,2396.42 1 1
github.com/octodb/octodb/internal/store/block2.go:2396.42,2398.3 1 0
github.com/octodb/octodb/internal/store/block2.go:2401.2,2407.16 7 1
github.com/octodb/octodb/internal/store/block2.go:2407.16,2409.3 1 0
github.com/octodb/octodb/internal/store/block2.go:2410.2,2412.12 2 1
github.com/octodb/octodb/internal/store/block2.go:2416.64,2421.21 4 1
github.com/octodb/octodb/internal/store/block2.go:2421.21,2423.3 1 0
github.com/octodb/octodb/internal/store/block2.go:2424.2,2430.16 5 1
github.com/octodb/octodb/internal/store/block2.go:2430.16,2432.3 1 0
github.com/octodb/octodb/internal/store/block2.go:2434.2,2441.60 6 1
github.com/octodb/octodb/internal/store/block2.go:2441.60,2445.38 3 1
github.com/octodb/octodb/internal/store/block2.go:2445.38,2447.4 1 1
github.com/octodb/octodb/internal/store/block2.go:2447.9,2447.43 1 1
github.com/octodb/octodb/internal/store/block2.go:2447.43,2449.4 1 1
github.com/octodb/octodb/internal/store/block2.go:2450.3,2450.41 1 1
github.com/octodb/octodb/internal/store/block2.go:2450.41,2452.4 1 1
github.com/octodb/octodb/internal/store/block2.go:2454.3,2456.13 3 1
github.com/octodb/octodb/internal/store/block2.go:2456.13,2459.4 2 1
github.com/octodb/octodb/internal/store/block2.go:2459.9,2460.28 1 1
github.com/octodb/octodb/internal/store/block2.go:2460.28,2462.5 1 1
github.com/octodb/octodb/internal/store/block2.go:2463.4,2463.28 1 1
github.com/octodb/octodb/internal/store/block2.go:2463.28,2465.5 1 1
github.com/octodb/octodb/internal/store/block2.go:2467.3,2469.14 3 1
github.com/octodb/octodb/internal/store/block2.go:2472.2,2472.47 1 1
github.com/octodb/octodb/internal/store/block2.go:2472.47,2474.3 1 0
github.com/octodb/octodb/internal/store/block2.go:2476.2,2477.49 2 1
github.com/octodb/octodb/internal/store/block2.go:2477.49,2479.3 1 0
github.com/octodb/octodb/internal/store/block2.go:2481.2,2481.22 1 1
github.com/octodb/octodb/internal/store/block2.go:2481.22,2483.3 1 1
github.com/octodb/octodb/internal/store/block2.go:2485.2,2487.43 3 1
github.com/octodb/octodb/internal/store/block2.go:2487.43,2489.3 1 0
github.com/octodb/octodb/internal/store/block2.go:2491.2,2505.48 4 1
github.com/octodb/octodb/internal/store/block2.go:2505.48,2507.3 1 0
github.com/octodb/octodb/internal/store/block2.go:2510.2,2511.62 2 1
github.com/octodb/octodb/internal/store/block2.go:2511.62,2513.3 1 0
github.com/octodb/octodb/internal/store/block2.go:2516.2,2516.42 1 1
github.com/octodb/octodb/internal/store/block2.go:2516.42,2518.3 1 0
github.com/octodb/octodb/internal/store/block2.go:2521.2,2527.16 7 1
github.com/octodb/octodb/internal/store/block2.go:2527.16,2529.3 1 0
github.com/octodb/octodb/internal/store/block2.go:2530.2,2532.12 2 1
github.com/octodb/octodb/internal/store/block2.go:2536.64,2537.29 1 1
github.com/octodb/octodb/internal/store/block2.go:2537.29,2538.22 1 1
github.com/octodb/octodb/internal/store/block2.go:2538.22,2539.33 1 1
github.com/octodb/octodb/internal/store/block2.go:2539.33,2540.62 1 1
github.com/octodb/octodb/internal/store/block2.go:2540.62,2542.6 1 1
github.com/octodb/octodb/internal/store/block2.go:2546.2,2546.11 1 0
github.com/octodb/octodb/internal/store/walstore.go:22.50,24.16 2 1
github.com/octodb/octodb/internal/store/walstore.go:24.16,26.3 1 0
github.com/octodb/octodb/internal/store/walstore.go:27.2,27.34 1 1
github.com/octodb/octodb/internal/store/walstore.go:32.108,33.27 1 1
github.com/octodb/octodb/internal/store/walstore.go:33.27,35.17 2 1
github.com/octodb/octodb/internal/store/walstore.go:35.17,37.4 1 0
github.com/octodb/octodb/internal/store/walstore.go:38.3,38.42 1 1
github.com/octodb/octodb/internal/store/walstore.go:38.42,40.4 1 0
github.com/octodb/octodb/internal/store/walstore.go:42.2,42.35 1 1
github.com/octodb/octodb/internal/store/walstore.go:42.35,44.3 1 0
github.com/octodb/octodb/internal/store/walstore.go:45.2,45.12 1 1
github.com/octodb/octodb/internal/store/walstore.go:49.103,50.26 1 1
github.com/octodb/octodb/internal/store/walstore.go:50.26,52.17 2 1
github.com/octodb/octodb/internal/store/walstore.go:52.17,54.4 1 0
github.com/octodb/octodb/internal/store/walstore.go:55.3,55.42 1 1
github.com/octodb/octodb/internal/store/walstore.go:55.42,57.4 1 0
github.com/octodb/octodb/internal/store/walstore.go:59.2,59.19 1 1
github.com/octodb/octodb/internal/store/walstore.go:63.115,64.29 1 1
github.com/octodb/octodb/internal/store/walstore.go:64.29,66.17 2 1
github.com/octodb/octodb/internal/store/walstore.go:66.17,68.4 1 0
github.com/octodb/octodb/internal/store/walstore.go:69.3,69.42 1 1
github.com/octodb/octodb/internal/store/walstore.go:69.42,71.4 1 0
github.com/octodb/octodb/internal/store/walstore.go:73.2,73.19 1 1
github.com/octodb/octodb/internal/store/walstore.go:77.108,79.2 1 1
github.com/octodb/octodb/internal/store/walstore.go:82.115,84.2 1 1
github.com/octodb/octodb/internal/store/walstore.go:87.102,89.2 1 1
github.com/octodb/octodb/internal/store/walstore.go:92.114,94.2 1 1
github.com/octodb/octodb/internal/store/walstore.go:97.34,99.2 1 1
